#
# A fatal error has been detected by the Java Runtime Environment:
#
#  SIGSEGV (0xb) at pc=0x0000000100616210, pid=31272, tid=40963
#
# JRE version: Java(TM) SE Runtime Environment (15.0+36) (build 15+36-1562)
# Java VM: Java HotSpot(TM) 64-Bit Server VM (15+36-1562, mixed mode, sharing, tiered, compressed oops, g1 gc, bsd-amd64)
# Problematic frame:
# V  [libjvm.dylib+0x19e210]  _ZN12GraphBuilder11store_localEP10ValueStackP11Instructioni+0xd0
#
# No core dump will be written. Core dumps have been disabled. To enable core dumping, try "ulimit -c unlimited" before starting Java again
#
# If you would like to submit a bug report, please visit:
#   https://bugreport.java.com/bugreport/crash.jsp
#

---------------  S U M M A R Y ------------

Command Line: -Xverify:none Program

Host: MacBookAir7,2 x86_64 1800 MHz, 4 cores, 8G, Darwin 19.6.0
Time: Tue Oct 13 11:20:33 2020 MSK elapsed time: 0.577737 seconds (0d 0h 0m 0s)

---------------  T H R E A D  ---------------

Current thread (0x00007fb86901d800):  JavaThread "C1 CompilerThread0" daemon [_thread_in_native, id=40963, stack(0x000070000abe5000,0x000070000ace5000)]


Current CompileTask:
C1:    577  291 %     3       Program::readReal @ 11 (25 bytes)

Stack: [0x000070000abe5000,0x000070000ace5000],  sp=0x000070000ace4250,  free space=1020k
Native frames: (J=compiled Java code, A=aot compiled Java code, j=interpreted, Vv=VM code, C=native code)
V  [libjvm.dylib+0x19e210]  _ZN12GraphBuilder11store_localEP10ValueStackP11Instructioni+0xd0
V  [libjvm.dylib+0x1ac895]  _ZN12GraphBuilder27iterate_bytecodes_for_blockEi+0x12f5
V  [libjvm.dylib+0x1ae421]  _ZN12GraphBuilder18iterate_all_blocksEb+0x41
V  [libjvm.dylib+0x1b00ab]  _ZN12GraphBuilderC2EP11CompilationP7IRScope+0x68b
V  [libjvm.dylib+0x1b7863]  _ZN7IRScopeC2EP11CompilationPS_iP8ciMethodib+0x193
V  [libjvm.dylib+0x1b7ff4]  _ZN2IRC1EP11CompilationP8ciMethodi+0xa4
V  [libjvm.dylib+0x19642d]  _ZN11Compilation9build_hirEv+0x15d
V  [libjvm.dylib+0x1976a0]  _ZN11Compilation19compile_java_methodEv+0xf0
V  [libjvm.dylib+0x197b2c]  _ZN11Compilation14compile_methodEv+0x11c
V  [libjvm.dylib+0x197f4e]  _ZN11CompilationC2EP16AbstractCompilerP5ciEnvP8ciMethodiP10BufferBlobP12DirectiveSet+0x22e
V  [libjvm.dylib+0x19963e]  _ZN8Compiler14compile_methodEP5ciEnvP8ciMethodiP12DirectiveSet+0x5e
V  [libjvm.dylib+0x2d7a12]  _ZN13CompileBroker25invoke_compiler_on_methodEP11CompileTask+0x5b2
V  [libjvm.dylib+0x2d7332]  _ZN13CompileBroker20compiler_thread_loopEv+0x4c2
V  [libjvm.dylib+0x99751f]  _ZN10JavaThread17thread_main_innerEv+0xaf
V  [libjvm.dylib+0x994711]  _ZN6Thread8call_runEv+0x71
V  [libjvm.dylib+0x826ce7]  _ZL19thread_native_entryP6Thread+0x197
C  [libsystem_pthread.dylib+0x6109]  _pthread_start+0x94
C  [libsystem_pthread.dylib+0x1b8b]  thread_start+0xf


siginfo: si_signo: 11 (SIGSEGV), si_code: 1 (SEGV_MAPERR), si_addr: 0x0000000000000018

Register to memory mapping:

RAX=0x0000000000000001 is an unknown value
RBX=0x0000000000000001 is an unknown value
RCX=0x00007fb8692d1200 points into unknown readable memory: 0x00007fb8692d0430 | 30 04 2d 69 b8 7f 00 00
RDX=0x00007fb86a0108c0 points into unknown readable memory: 0x0000000100ffdc00 | 00 dc ff 00 01 00 00 00
RSP=0x000070000ace4250 is pointing into the stack for thread: 0x00007fb86901d800
RBP=0x000070000ace4270 is pointing into the stack for thread: 0x00007fb86901d800
RSI=0x00007fb8692d11a0 points into unknown readable memory: 0x00007fb869309d60 | 60 9d 30 69 b8 7f 00 00
RDI=0x000070000ace4490 is pointing into the stack for thread: 0x00007fb86901d800
R8 =0x00007fb8692d11d8 points into unknown readable memory: 0x0000000400000001 | 01 00 00 00 04 00 00 00
R9 =0x00000000fffffffc is an unknown value
R10=0x0 is NULL
R11=0x0000000106bc22c8 is pointing into metadata
R12=0x000070000ace4490 is pointing into the stack for thread: 0x00007fb86901d800
R13=0x000000000000003c is an unknown value
R14=0x0 is NULL
R15=0x00007fb8692d11d0 points into unknown readable memory: 0x00007fb8692d1200 | 00 12 2d 69 b8 7f 00 00


Registers:
RAX=0x0000000000000001, RBX=0x0000000000000001, RCX=0x00007fb8692d1200, RDX=0x00007fb86a0108c0
RSP=0x000070000ace4250, RBP=0x000070000ace4270, RSI=0x00007fb8692d11a0, RDI=0x000070000ace4490
R8 =0x00007fb8692d11d8, R9 =0x00000000fffffffc, R10=0x0000000000000000, R11=0x0000000106bc22c8
R12=0x000070000ace4490, R13=0x000000000000003c, R14=0x0000000000000000, R15=0x00007fb8692d11d0
RIP=0x0000000100616210, EFLAGS=0x0000000000010297, ERR=0x0000000000000004
  TRAPNO=0x000000000000000e

Top of Stack: (sp=0x000070000ace4250)
0x000070000ace4250:   000070000ace4290 000070000ace4490
0x000070000ace4260:   0000000000000000 0000000000000012
0x000070000ace4270:   000070000ace4320 0000000100624895
0x000070000ace4280:   00000000000000b0 0000000000000000
0x000070000ace4290:   00007fb869286ec0 00007fb869286e10
0x000070000ace42a0:   00007fb869287ed6 0000000000000000
0x000070000ace42b0:   00007fb8692d11d8 00007fb869287ec0
0x000070000ace42c0:   00007fb869287ed9 00007fb869287ed7
0x000070000ace42d0:   0000003c0000003c 0000000100ff9380
0x000070000ace42e0:   000070000ace44e0 0000000100623563
0x000070000ace42f0:   0000000000000060 00007fb86930a540
0x000070000ace4300:   00007fb868c41d60 000070000ace4490
0x000070000ace4310:   0000000000000000 000070000ace4490
0x000070000ace4320:   000070000ace4350 0000000100626421
0x000070000ace4330:   00007fb86930a9f0 00007fb869286ec0
0x000070000ace4340:   00007fb86930a060 00007fb869309d60
0x000070000ace4350:   000070000ace4480 00000001006280ab
0x000070000ace4360:   000000000000ffff 000070000ace4860
0x000070000ace4370:   00007fb869309d60 0000001000000003
0x000070000ace4380:   0000000000000000 0000000000000008
0x000070000ace4390:   00007fb869309ee0 00007fb869309f60
0x000070000ace43a0:   0000000000000000 0000000000000000
0x000070000ace43b0:   0000000000000000 0000000000000000
0x000070000ace43c0:   0000000300000003 0000000000000000
0x000070000ace43d0:   0000000100000008 00007fb86930a780
0x000070000ace43e0:   0000000000000001 00000001006d8196
0x000070000ace43f0:   00007fb86901d800 0000000b69286ec0
0x000070000ace4400:   00007fb869309df0 00007fb869309df0
0x000070000ace4410:   00007fb868c41d60 00007fb869286ec0
0x000070000ace4420:   000070000ace4480 000000010062efbb
0x000070000ace4430:   00007fb869309db8 00007fb869286ec0
0x000070000ace4440:   0000000000000000 0000000000000000 

Instructions: (pc=0x0000000100616210)
0x0000000100616110:   55 48 89 e5 41 56 53 41 89 d6 48 89 fb 48 8b 7b
0x0000000100616120:   50 e8 fa 73 01 00 48 8b 73 50 48 89 df 48 89 c2
0x0000000100616130:   44 89 f1 5b 41 5e 5d e9 04 00 00 00 0f 1f 40 00
0x0000000100616140:   55 48 89 e5 41 57 41 56 41 54 53 89 cb 49 89 d6
0x0000000100616150:   49 89 f7 49 89 fc 49 8b 04 24 80 78 48 00 74 72
0x0000000100616160:   49 8b 7e 18 48 8b 07 ff 90 80 00 00 00 49 8b 0c
0x0000000100616170:   24 48 85 c0 74 50 89 59 50 49 8b 04 24 48 8b 08
0x0000000100616180:   48 85 c9 75 13 eb 4b 66 0f 1f 84 00 00 00 00 00
0x0000000100616190:   48 8b 09 48 85 c9 74 3a 80 79 48 00 74 34 48 8b
0x00000001006161a0:   51 10 48 3b 50 10 75 2a 39 59 50 75 e3 49 8b 7c
0x00000001006161b0:   24 08 48 8d 35 6f 7e 8e 00 5b 41 5c 41 5e 41 5f
0x00000001006161c0:   5d e9 ca 86 ff ff 39 59 50 75 07 c7 41 50 ff ff
0x00000001006161d0:   ff ff 85 db 7e 2c 48 63 c3 49 8b 4f 30 49 83 c7
0x00000001006161e0:   30 48 8b 54 c1 f8 48 85 d2 74 1b 48 8b 52 18 83
0x00000001006161f0:   7a 08 02 75 11 48 ff c8 48 c7 04 c1 00 00 00 00
0x0000000100616200:   eb 04 49 83 c7 30 49 8b 0f 48 63 c3 4c 89 34 c1
0x0000000100616210:   49 8b 4e 18 83 79 08 02 75 0c 49 8b 0f 48 c7 44
0x0000000100616220:   c1 08 00 00 00 00 5b 41 5c 41 5e 41 5f 5d c3 90
0x0000000100616230:   55 48 89 e5 48 89 f0 5d c3 0f 1f 80 00 00 00 00
0x0000000100616240:   55 48 89 e5 41 57 41 56 41 55 41 54 53 48 83 ec
0x0000000100616250:   28 41 89 f6 49 89 ff e8 b4 03 00 00 49 8b 4f 08
0x0000000100616260:   c6 81 80 02 00 00 01 49 89 c5 49 8b 47 50 48 8b
0x0000000100616270:   48 50 48 63 50 38 48 8d 72 ff 89 70 38 48 8b 5c
0x0000000100616280:   d1 f8 49 8b 47 50 48 8b 48 50 48 63 50 38 48 8d
0x0000000100616290:   72 ff 89 70 38 4c 8b 64 d1 f8 49 8b 04 24 4c 89
0x00000001006162a0:   e7 ff 50 28 48 85 c0 4c 89 6d b8 48 89 5d c0 74
0x00000001006162b0:   14 49 8b 04 24 4c 89 e7 ff 50 28 48 8b 40 70 80
0x00000001006162c0:   78 2c 00 75 51 49 8b 04 24 4c 89 e7 ff 90 d0 00
0x00000001006162d0:   00 00 48 85 c0 0f 84 59 01 00 00 49 8b 04 24 4c
0x00000001006162e0:   89 e7 ff 90 d0 00 00 00 48 83 78 68 00 0f 84 41
0x00000001006162f0:   01 00 00 49 8b 04 24 4c 89 e7 ff 90 d0 00 00 00
0x0000000100616300:   48 8b 40 68 48 8b 78 18 48 8b 07 ff 50 18 84 c0 


Stack slot to memory mapping:
stack at sp + 0 slots: 0x000070000ace4290 is pointing into the stack for thread: 0x00007fb86901d800
stack at sp + 1 slots: 0x000070000ace4490 is pointing into the stack for thread: 0x00007fb86901d800
stack at sp + 2 slots: 0x0 is NULL
stack at sp + 3 slots: 0x0000000000000012 is an unknown value
stack at sp + 4 slots: 0x000070000ace4320 is pointing into the stack for thread: 0x00007fb86901d800
stack at sp + 5 slots: 0x0000000100624895: _ZN12GraphBuilder27iterate_bytecodes_for_blockEi+0x12f5 in /Library/Java/JavaVirtualMachines/jdk-15.jdk/Contents/Home/lib/server/libjvm.dylib at 0x0000000100478000
stack at sp + 6 slots: 0x00000000000000b0 is an unknown value
stack at sp + 7 slots: 0x0 is NULL


---------------  P R O C E S S  ---------------

Threads class SMR info:
_java_thread_list=0x00007fb868c4add0, length=10, elements={
0x00007fb86a809200, 0x00007fb86a82b000, 0x00007fb869009200, 0x00007fb869084200,
0x00007fb869084800, 0x00007fb86901d200, 0x00007fb86901d800, 0x00007fb86b808a00,
0x00007fb86a830400, 0x00007fb86b823000
}

Java Threads: ( => current thread )
  0x00007fb86a809200 JavaThread "main" [_thread_in_Java, id=6403, stack(0x0000700009ebb000,0x0000700009fbb000)]
  0x00007fb86a82b000 JavaThread "Reference Handler" daemon [_thread_blocked, id=15875, stack(0x000070000a5d0000,0x000070000a6d0000)]
  0x00007fb869009200 JavaThread "Finalizer" daemon [_thread_blocked, id=17923, stack(0x000070000a6d3000,0x000070000a7d3000)]
  0x00007fb869084200 JavaThread "Signal Dispatcher" daemon [_thread_blocked, id=42499, stack(0x000070000a8dc000,0x000070000a9dc000)]
  0x00007fb869084800 JavaThread "Service Thread" daemon [_thread_blocked, id=41731, stack(0x000070000a9df000,0x000070000aadf000)]
  0x00007fb86901d200 JavaThread "C2 CompilerThread0" daemon [_thread_blocked, id=23555, stack(0x000070000aae2000,0x000070000abe2000)]
=>0x00007fb86901d800 JavaThread "C1 CompilerThread0" daemon [_thread_in_native, id=40963, stack(0x000070000abe5000,0x000070000ace5000)]
  0x00007fb86b808a00 JavaThread "Sweeper thread" daemon [_thread_blocked, id=24579, stack(0x000070000ace8000,0x000070000ade8000)]
  0x00007fb86a830400 JavaThread "Notification Thread" daemon [_thread_blocked, id=25347, stack(0x000070000adeb000,0x000070000aeeb000)]
  0x00007fb86b823000 JavaThread "Common-Cleaner" daemon [_thread_blocked, id=26371, stack(0x000070000aff1000,0x000070000b0f1000)]

Other Threads:
  0x00007fb868c3b490 VMThread "VM Thread" [stack: 0x000070000a4cd000,0x000070000a5cd000] [id=14595]
  0x00007fb868c4b140 WatcherThread [stack: 0x000070000aeee000,0x000070000afee000] [id=25603]
  0x00007fb86a00e500 GCTaskThread "GC Thread#0" [stack: 0x0000700009fbe000,0x000070000a0be000] [id=12547]
  0x00007fb868d41c70 GCTaskThread "GC Thread#1" [stack: 0x000070000b0f4000,0x000070000b1f4000] [id=39171]
  0x00007fb86a01d1e0 GCTaskThread "GC Thread#2" [stack: 0x000070000b1f7000,0x000070000b2f7000] [id=26627]
  0x00007fb868c1a400 ConcurrentGCThread "G1 Main Marker" [stack: 0x000070000a0c1000,0x000070000a1c1000] [id=19715]
  0x00007fb868c1b480 ConcurrentGCThread "G1 Conc#0" [stack: 0x000070000a1c4000,0x000070000a2c4000] [id=19203]
  0x00007fb868c36eb0 ConcurrentGCThread "G1 Refine#0" [stack: 0x000070000a2c7000,0x000070000a3c7000] [id=18947]
  0x00007fb868c37f30 ConcurrentGCThread "G1 Young RemSet Sampling" [stack: 0x000070000a3ca000,0x000070000a4ca000] [id=14083]

Threads with active compile tasks:
C1 CompilerThread0      590  291 %     3       Program::readReal @ 11 (25 bytes)

VM state: not at safepoint (normal execution)

VM Mutex/Monitor currently owned by a thread: None

Heap address: 0x0000000780000000, size: 2048 MB, Compressed Oops mode: Zero based, Oop shift amount: 3
CDS archive(s) mapped at: [0x0000000800000000-0x0000000800b2c000-0x0000000800b2c000), size 11714560, SharedBaseAddress: 0x0000000800000000, ArchiveRelocationMode: 0.
Compressed class space mapped at: 0x0000000800b2c000-0x0000000840b2c000, size: 1073741824
Narrow klass base: 0x0000000800000000, Narrow klass shift: 3, Narrow klass range: 0x100000000

GC Precious Log:
 CPUs: 4 total, 4 available
 Memory: 8192M
 Large Page Support: Disabled
 NUMA Support: Disabled
 Compressed Oops: Enabled (Zero based)
 Heap Region Size: 1M
 Heap Min Capacity: 8M
 Heap Initial Capacity: 128M
 Heap Max Capacity: 2G
 Pre-touch: Disabled
 Parallel Workers: 4
 Concurrent Workers: 1
 Concurrent Refinement Workers: 4
 Periodic GC: Disabled

Heap:
 garbage-first heap   total 133120K, used 3440K [0x0000000780000000, 0x0000000800000000)
  region size 1024K, 4 young (4096K), 1 survivors (1024K)
 Metaspace       used 661K, capacity 4563K, committed 4864K, reserved 1056768K
  class space    used 52K, capacity 389K, committed 512K, reserved 1048576K

Heap Regions: E=young(eden), S=young(survivor), O=old, HS=humongous(starts), HC=humongous(continues), CS=collection set, F=free, OA=open archive, CA=closed archive, TAMS=top-at-mark-start (previous, next)
|   0|0x0000000780000000, 0x0000000780000000, 0x0000000780100000|  0%| F|  |TAMS 0x0000000780000000, 0x0000000780000000| Untracked 
|   1|0x0000000780100000, 0x0000000780100000, 0x0000000780200000|  0%| F|  |TAMS 0x0000000780100000, 0x0000000780100000| Untracked 
|   2|0x0000000780200000, 0x0000000780200000, 0x0000000780300000|  0%| F|  |TAMS 0x0000000780200000, 0x0000000780200000| Untracked 
|   3|0x0000000780300000, 0x0000000780300000, 0x0000000780400000|  0%| F|  |TAMS 0x0000000780300000, 0x0000000780300000| Untracked 
|   4|0x0000000780400000, 0x0000000780400000, 0x0000000780500000|  0%| F|  |TAMS 0x0000000780400000, 0x0000000780400000| Untracked 
|   5|0x0000000780500000, 0x0000000780500000, 0x0000000780600000|  0%| F|  |TAMS 0x0000000780500000, 0x0000000780500000| Untracked 
|   6|0x0000000780600000, 0x0000000780600000, 0x0000000780700000|  0%| F|  |TAMS 0x0000000780600000, 0x0000000780600000| Untracked 
|   7|0x0000000780700000, 0x0000000780700000, 0x0000000780800000|  0%| F|  |TAMS 0x0000000780700000, 0x0000000780700000| Untracked 
|   8|0x0000000780800000, 0x0000000780800000, 0x0000000780900000|  0%| F|  |TAMS 0x0000000780800000, 0x0000000780800000| Untracked 
|   9|0x0000000780900000, 0x0000000780900000, 0x0000000780a00000|  0%| F|  |TAMS 0x0000000780900000, 0x0000000780900000| Untracked 
|  10|0x0000000780a00000, 0x0000000780a00000, 0x0000000780b00000|  0%| F|  |TAMS 0x0000000780a00000, 0x0000000780a00000| Untracked 
|  11|0x0000000780b00000, 0x0000000780b00000, 0x0000000780c00000|  0%| F|  |TAMS 0x0000000780b00000, 0x0000000780b00000| Untracked 
|  12|0x0000000780c00000, 0x0000000780c00000, 0x0000000780d00000|  0%| F|  |TAMS 0x0000000780c00000, 0x0000000780c00000| Untracked 
|  13|0x0000000780d00000, 0x0000000780d00000, 0x0000000780e00000|  0%| F|  |TAMS 0x0000000780d00000, 0x0000000780d00000| Untracked 
|  14|0x0000000780e00000, 0x0000000780e00000, 0x0000000780f00000|  0%| F|  |TAMS 0x0000000780e00000, 0x0000000780e00000| Untracked 
|  15|0x0000000780f00000, 0x0000000780f00000, 0x0000000781000000|  0%| F|  |TAMS 0x0000000780f00000, 0x0000000780f00000| Untracked 
|  16|0x0000000781000000, 0x0000000781000000, 0x0000000781100000|  0%| F|  |TAMS 0x0000000781000000, 0x0000000781000000| Untracked 
|  17|0x0000000781100000, 0x0000000781100000, 0x0000000781200000|  0%| F|  |TAMS 0x0000000781100000, 0x0000000781100000| Untracked 
|  18|0x0000000781200000, 0x0000000781200000, 0x0000000781300000|  0%| F|  |TAMS 0x0000000781200000, 0x0000000781200000| Untracked 
|  19|0x0000000781300000, 0x0000000781300000, 0x0000000781400000|  0%| F|  |TAMS 0x0000000781300000, 0x0000000781300000| Untracked 
|  20|0x0000000781400000, 0x0000000781400000, 0x0000000781500000|  0%| F|  |TAMS 0x0000000781400000, 0x0000000781400000| Untracked 
|  21|0x0000000781500000, 0x0000000781500000, 0x0000000781600000|  0%| F|  |TAMS 0x0000000781500000, 0x0000000781500000| Untracked 
|  22|0x0000000781600000, 0x0000000781600000, 0x0000000781700000|  0%| F|  |TAMS 0x0000000781600000, 0x0000000781600000| Untracked 
|  23|0x0000000781700000, 0x0000000781700000, 0x0000000781800000|  0%| F|  |TAMS 0x0000000781700000, 0x0000000781700000| Untracked 
|  24|0x0000000781800000, 0x0000000781800000, 0x0000000781900000|  0%| F|  |TAMS 0x0000000781800000, 0x0000000781800000| Untracked 
|  25|0x0000000781900000, 0x0000000781900000, 0x0000000781a00000|  0%| F|  |TAMS 0x0000000781900000, 0x0000000781900000| Untracked 
|  26|0x0000000781a00000, 0x0000000781a00000, 0x0000000781b00000|  0%| F|  |TAMS 0x0000000781a00000, 0x0000000781a00000| Untracked 
|  27|0x0000000781b00000, 0x0000000781b00000, 0x0000000781c00000|  0%| F|  |TAMS 0x0000000781b00000, 0x0000000781b00000| Untracked 
|  28|0x0000000781c00000, 0x0000000781c00000, 0x0000000781d00000|  0%| F|  |TAMS 0x0000000781c00000, 0x0000000781c00000| Untracked 
|  29|0x0000000781d00000, 0x0000000781d00000, 0x0000000781e00000|  0%| F|  |TAMS 0x0000000781d00000, 0x0000000781d00000| Untracked 
|  30|0x0000000781e00000, 0x0000000781e00000, 0x0000000781f00000|  0%| F|  |TAMS 0x0000000781e00000, 0x0000000781e00000| Untracked 
|  31|0x0000000781f00000, 0x0000000781f00000, 0x0000000782000000|  0%| F|  |TAMS 0x0000000781f00000, 0x0000000781f00000| Untracked 
|  32|0x0000000782000000, 0x0000000782000000, 0x0000000782100000|  0%| F|  |TAMS 0x0000000782000000, 0x0000000782000000| Untracked 
|  33|0x0000000782100000, 0x0000000782100000, 0x0000000782200000|  0%| F|  |TAMS 0x0000000782100000, 0x0000000782100000| Untracked 
|  34|0x0000000782200000, 0x0000000782200000, 0x0000000782300000|  0%| F|  |TAMS 0x0000000782200000, 0x0000000782200000| Untracked 
|  35|0x0000000782300000, 0x0000000782300000, 0x0000000782400000|  0%| F|  |TAMS 0x0000000782300000, 0x0000000782300000| Untracked 
|  36|0x0000000782400000, 0x0000000782400000, 0x0000000782500000|  0%| F|  |TAMS 0x0000000782400000, 0x0000000782400000| Untracked 
|  37|0x0000000782500000, 0x0000000782500000, 0x0000000782600000|  0%| F|  |TAMS 0x0000000782500000, 0x0000000782500000| Untracked 
|  38|0x0000000782600000, 0x0000000782600000, 0x0000000782700000|  0%| F|  |TAMS 0x0000000782600000, 0x0000000782600000| Untracked 
|  39|0x0000000782700000, 0x0000000782700000, 0x0000000782800000|  0%| F|  |TAMS 0x0000000782700000, 0x0000000782700000| Untracked 
|  40|0x0000000782800000, 0x0000000782800000, 0x0000000782900000|  0%| F|  |TAMS 0x0000000782800000, 0x0000000782800000| Untracked 
|  41|0x0000000782900000, 0x0000000782900000, 0x0000000782a00000|  0%| F|  |TAMS 0x0000000782900000, 0x0000000782900000| Untracked 
|  42|0x0000000782a00000, 0x0000000782a00000, 0x0000000782b00000|  0%| F|  |TAMS 0x0000000782a00000, 0x0000000782a00000| Untracked 
|  43|0x0000000782b00000, 0x0000000782b00000, 0x0000000782c00000|  0%| F|  |TAMS 0x0000000782b00000, 0x0000000782b00000| Untracked 
|  44|0x0000000782c00000, 0x0000000782c00000, 0x0000000782d00000|  0%| F|  |TAMS 0x0000000782c00000, 0x0000000782c00000| Untracked 
|  45|0x0000000782d00000, 0x0000000782d00000, 0x0000000782e00000|  0%| F|  |TAMS 0x0000000782d00000, 0x0000000782d00000| Untracked 
|  46|0x0000000782e00000, 0x0000000782e00000, 0x0000000782f00000|  0%| F|  |TAMS 0x0000000782e00000, 0x0000000782e00000| Untracked 
|  47|0x0000000782f00000, 0x0000000782f00000, 0x0000000783000000|  0%| F|  |TAMS 0x0000000782f00000, 0x0000000782f00000| Untracked 
|  48|0x0000000783000000, 0x0000000783000000, 0x0000000783100000|  0%| F|  |TAMS 0x0000000783000000, 0x0000000783000000| Untracked 
|  49|0x0000000783100000, 0x0000000783100000, 0x0000000783200000|  0%| F|  |TAMS 0x0000000783100000, 0x0000000783100000| Untracked 
|  50|0x0000000783200000, 0x0000000783200000, 0x0000000783300000|  0%| F|  |TAMS 0x0000000783200000, 0x0000000783200000| Untracked 
|  51|0x0000000783300000, 0x0000000783392250, 0x0000000783400000| 57%| S|CS|TAMS 0x0000000783300000, 0x0000000783300000| Complete 
|  52|0x0000000783400000, 0x0000000783400000, 0x0000000783500000|  0%| F|  |TAMS 0x0000000783400000, 0x0000000783400000| Untracked 
|  53|0x0000000783500000, 0x0000000783500000, 0x0000000783600000|  0%| F|  |TAMS 0x0000000783500000, 0x0000000783500000| Untracked 
|  54|0x0000000783600000, 0x0000000783600000, 0x0000000783700000|  0%| F|  |TAMS 0x0000000783600000, 0x0000000783600000| Untracked 
|  55|0x0000000783700000, 0x0000000783700000, 0x0000000783800000|  0%| F|  |TAMS 0x0000000783700000, 0x0000000783700000| Untracked 
|  56|0x0000000783800000, 0x0000000783800000, 0x0000000783900000|  0%| F|  |TAMS 0x0000000783800000, 0x0000000783800000| Untracked 
|  57|0x0000000783900000, 0x0000000783900000, 0x0000000783a00000|  0%| F|  |TAMS 0x0000000783900000, 0x0000000783900000| Untracked 
|  58|0x0000000783a00000, 0x0000000783a00000, 0x0000000783b00000|  0%| F|  |TAMS 0x0000000783a00000, 0x0000000783a00000| Untracked 
|  59|0x0000000783b00000, 0x0000000783b00000, 0x0000000783c00000|  0%| F|  |TAMS 0x0000000783b00000, 0x0000000783b00000| Untracked 
|  60|0x0000000783c00000, 0x0000000783c00000, 0x0000000783d00000|  0%| F|  |TAMS 0x0000000783c00000, 0x0000000783c00000| Untracked 
|  61|0x0000000783d00000, 0x0000000783d00000, 0x0000000783e00000|  0%| F|  |TAMS 0x0000000783d00000, 0x0000000783d00000| Untracked 
|  62|0x0000000783e00000, 0x0000000783e00000, 0x0000000783f00000|  0%| F|  |TAMS 0x0000000783e00000, 0x0000000783e00000| Untracked 
|  63|0x0000000783f00000, 0x0000000783f00000, 0x0000000784000000|  0%| F|  |TAMS 0x0000000783f00000, 0x0000000783f00000| Untracked 
|  64|0x0000000784000000, 0x0000000784000000, 0x0000000784100000|  0%| F|  |TAMS 0x0000000784000000, 0x0000000784000000| Untracked 
|  65|0x0000000784100000, 0x0000000784100000, 0x0000000784200000|  0%| F|  |TAMS 0x0000000784100000, 0x0000000784100000| Untracked 
|  66|0x0000000784200000, 0x0000000784200000, 0x0000000784300000|  0%| F|  |TAMS 0x0000000784200000, 0x0000000784200000| Untracked 
|  67|0x0000000784300000, 0x0000000784300000, 0x0000000784400000|  0%| F|  |TAMS 0x0000000784300000, 0x0000000784300000| Untracked 
|  68|0x0000000784400000, 0x0000000784400000, 0x0000000784500000|  0%| F|  |TAMS 0x0000000784400000, 0x0000000784400000| Untracked 
|  69|0x0000000784500000, 0x0000000784500000, 0x0000000784600000|  0%| F|  |TAMS 0x0000000784500000, 0x0000000784500000| Untracked 
|  70|0x0000000784600000, 0x0000000784600000, 0x0000000784700000|  0%| F|  |TAMS 0x0000000784600000, 0x0000000784600000| Untracked 
|  71|0x0000000784700000, 0x0000000784700000, 0x0000000784800000|  0%| F|  |TAMS 0x0000000784700000, 0x0000000784700000| Untracked 
|  72|0x0000000784800000, 0x0000000784800000, 0x0000000784900000|  0%| F|  |TAMS 0x0000000784800000, 0x0000000784800000| Untracked 
|  73|0x0000000784900000, 0x0000000784900000, 0x0000000784a00000|  0%| F|  |TAMS 0x0000000784900000, 0x0000000784900000| Untracked 
|  74|0x0000000784a00000, 0x0000000784a00000, 0x0000000784b00000|  0%| F|  |TAMS 0x0000000784a00000, 0x0000000784a00000| Untracked 
|  75|0x0000000784b00000, 0x0000000784b00000, 0x0000000784c00000|  0%| F|  |TAMS 0x0000000784b00000, 0x0000000784b00000| Untracked 
|  76|0x0000000784c00000, 0x0000000784c00000, 0x0000000784d00000|  0%| F|  |TAMS 0x0000000784c00000, 0x0000000784c00000| Untracked 
|  77|0x0000000784d00000, 0x0000000784d00000, 0x0000000784e00000|  0%| F|  |TAMS 0x0000000784d00000, 0x0000000784d00000| Untracked 
|  78|0x0000000784e00000, 0x0000000784e00000, 0x0000000784f00000|  0%| F|  |TAMS 0x0000000784e00000, 0x0000000784e00000| Untracked 
|  79|0x0000000784f00000, 0x0000000784f00000, 0x0000000785000000|  0%| F|  |TAMS 0x0000000784f00000, 0x0000000784f00000| Untracked 
|  80|0x0000000785000000, 0x0000000785000000, 0x0000000785100000|  0%| F|  |TAMS 0x0000000785000000, 0x0000000785000000| Untracked 
|  81|0x0000000785100000, 0x0000000785100000, 0x0000000785200000|  0%| F|  |TAMS 0x0000000785100000, 0x0000000785100000| Untracked 
|  82|0x0000000785200000, 0x0000000785200000, 0x0000000785300000|  0%| F|  |TAMS 0x0000000785200000, 0x0000000785200000| Untracked 
|  83|0x0000000785300000, 0x0000000785300000, 0x0000000785400000|  0%| F|  |TAMS 0x0000000785300000, 0x0000000785300000| Untracked 
|  84|0x0000000785400000, 0x0000000785400000, 0x0000000785500000|  0%| F|  |TAMS 0x0000000785400000, 0x0000000785400000| Untracked 
|  85|0x0000000785500000, 0x0000000785500000, 0x0000000785600000|  0%| F|  |TAMS 0x0000000785500000, 0x0000000785500000| Untracked 
|  86|0x0000000785600000, 0x0000000785600000, 0x0000000785700000|  0%| F|  |TAMS 0x0000000785600000, 0x0000000785600000| Untracked 
|  87|0x0000000785700000, 0x0000000785700000, 0x0000000785800000|  0%| F|  |TAMS 0x0000000785700000, 0x0000000785700000| Untracked 
|  88|0x0000000785800000, 0x0000000785800000, 0x0000000785900000|  0%| F|  |TAMS 0x0000000785800000, 0x0000000785800000| Untracked 
|  89|0x0000000785900000, 0x0000000785900000, 0x0000000785a00000|  0%| F|  |TAMS 0x0000000785900000, 0x0000000785900000| Untracked 
|  90|0x0000000785a00000, 0x0000000785a00000, 0x0000000785b00000|  0%| F|  |TAMS 0x0000000785a00000, 0x0000000785a00000| Untracked 
|  91|0x0000000785b00000, 0x0000000785b00000, 0x0000000785c00000|  0%| F|  |TAMS 0x0000000785b00000, 0x0000000785b00000| Untracked 
|  92|0x0000000785c00000, 0x0000000785c00000, 0x0000000785d00000|  0%| F|  |TAMS 0x0000000785c00000, 0x0000000785c00000| Untracked 
|  93|0x0000000785d00000, 0x0000000785d00000, 0x0000000785e00000|  0%| F|  |TAMS 0x0000000785d00000, 0x0000000785d00000| Untracked 
|  94|0x0000000785e00000, 0x0000000785e00000, 0x0000000785f00000|  0%| F|  |TAMS 0x0000000785e00000, 0x0000000785e00000| Untracked 
|  95|0x0000000785f00000, 0x0000000785f00000, 0x0000000786000000|  0%| F|  |TAMS 0x0000000785f00000, 0x0000000785f00000| Untracked 
|  96|0x0000000786000000, 0x0000000786000000, 0x0000000786100000|  0%| F|  |TAMS 0x0000000786000000, 0x0000000786000000| Untracked 
|  97|0x0000000786100000, 0x0000000786100000, 0x0000000786200000|  0%| F|  |TAMS 0x0000000786100000, 0x0000000786100000| Untracked 
|  98|0x0000000786200000, 0x0000000786200000, 0x0000000786300000|  0%| F|  |TAMS 0x0000000786200000, 0x0000000786200000| Untracked 
|  99|0x0000000786300000, 0x0000000786300000, 0x0000000786400000|  0%| F|  |TAMS 0x0000000786300000, 0x0000000786300000| Untracked 
| 100|0x0000000786400000, 0x0000000786400000, 0x0000000786500000|  0%| F|  |TAMS 0x0000000786400000, 0x0000000786400000| Untracked 
| 101|0x0000000786500000, 0x0000000786500000, 0x0000000786600000|  0%| F|  |TAMS 0x0000000786500000, 0x0000000786500000| Untracked 
| 102|0x0000000786600000, 0x0000000786600000, 0x0000000786700000|  0%| F|  |TAMS 0x0000000786600000, 0x0000000786600000| Untracked 
| 103|0x0000000786700000, 0x0000000786700000, 0x0000000786800000|  0%| F|  |TAMS 0x0000000786700000, 0x0000000786700000| Untracked 
| 104|0x0000000786800000, 0x0000000786800000, 0x0000000786900000|  0%| F|  |TAMS 0x0000000786800000, 0x0000000786800000| Untracked 
| 105|0x0000000786900000, 0x0000000786900000, 0x0000000786a00000|  0%| F|  |TAMS 0x0000000786900000, 0x0000000786900000| Untracked 
| 106|0x0000000786a00000, 0x0000000786a00000, 0x0000000786b00000|  0%| F|  |TAMS 0x0000000786a00000, 0x0000000786a00000| Untracked 
| 107|0x0000000786b00000, 0x0000000786b00000, 0x0000000786c00000|  0%| F|  |TAMS 0x0000000786b00000, 0x0000000786b00000| Untracked 
| 108|0x0000000786c00000, 0x0000000786c00000, 0x0000000786d00000|  0%| F|  |TAMS 0x0000000786c00000, 0x0000000786c00000| Untracked 
| 109|0x0000000786d00000, 0x0000000786d00000, 0x0000000786e00000|  0%| F|  |TAMS 0x0000000786d00000, 0x0000000786d00000| Untracked 
| 110|0x0000000786e00000, 0x0000000786e00000, 0x0000000786f00000|  0%| F|  |TAMS 0x0000000786e00000, 0x0000000786e00000| Untracked 
| 111|0x0000000786f00000, 0x0000000786f00000, 0x0000000787000000|  0%| F|  |TAMS 0x0000000786f00000, 0x0000000786f00000| Untracked 
| 112|0x0000000787000000, 0x0000000787000000, 0x0000000787100000|  0%| F|  |TAMS 0x0000000787000000, 0x0000000787000000| Untracked 
| 113|0x0000000787100000, 0x0000000787100000, 0x0000000787200000|  0%| F|  |TAMS 0x0000000787100000, 0x0000000787100000| Untracked 
| 114|0x0000000787200000, 0x0000000787200000, 0x0000000787300000|  0%| F|  |TAMS 0x0000000787200000, 0x0000000787200000| Untracked 
| 115|0x0000000787300000, 0x0000000787300000, 0x0000000787400000|  0%| F|  |TAMS 0x0000000787300000, 0x0000000787300000| Untracked 
| 116|0x0000000787400000, 0x0000000787400000, 0x0000000787500000|  0%| F|  |TAMS 0x0000000787400000, 0x0000000787400000| Untracked 
| 117|0x0000000787500000, 0x0000000787500000, 0x0000000787600000|  0%| F|  |TAMS 0x0000000787500000, 0x0000000787500000| Untracked 
| 118|0x0000000787600000, 0x0000000787600000, 0x0000000787700000|  0%| F|  |TAMS 0x0000000787600000, 0x0000000787600000| Untracked 
| 119|0x0000000787700000, 0x0000000787700000, 0x0000000787800000|  0%| F|  |TAMS 0x0000000787700000, 0x0000000787700000| Untracked 
| 120|0x0000000787800000, 0x0000000787800000, 0x0000000787900000|  0%| F|  |TAMS 0x0000000787800000, 0x0000000787800000| Untracked 
| 121|0x0000000787900000, 0x0000000787900000, 0x0000000787a00000|  0%| F|  |TAMS 0x0000000787900000, 0x0000000787900000| Untracked 
| 122|0x0000000787a00000, 0x0000000787b00000, 0x0000000787b00000|100%| E|  |TAMS 0x0000000787a00000, 0x0000000787a00000| Complete 
| 123|0x0000000787b00000, 0x0000000787c00000, 0x0000000787c00000|100%| E|CS|TAMS 0x0000000787b00000, 0x0000000787b00000| Complete 
| 124|0x0000000787c00000, 0x0000000787d00000, 0x0000000787d00000|100%| E|CS|TAMS 0x0000000787c00000, 0x0000000787c00000| Complete 
| 125|0x0000000787d00000, 0x0000000787e00000, 0x0000000787e00000|100%| E|CS|TAMS 0x0000000787d00000, 0x0000000787d00000| Complete 
| 126|0x0000000787e00000, 0x0000000787f00000, 0x0000000787f00000|100%| E|CS|TAMS 0x0000000787e00000, 0x0000000787e00000| Complete 
| 127|0x0000000787f00000, 0x0000000788000000, 0x0000000788000000|100%| E|CS|TAMS 0x0000000787f00000, 0x0000000787f00000| Complete 
|1022|0x00000007bfe00000, 0x00000007bfe51000, 0x00000007bff00000| 31%|OA|  |TAMS 0x00000007bfe00000, 0x00000007bfe00000| Untracked 
|1023|0x00000007bff00000, 0x00000007bff79000, 0x00000007c0000000| 47%|CA|  |TAMS 0x00000007bff00000, 0x00000007bff00000| Untracked 

Card table byte_map: [0x00000001022eb000,0x00000001026eb000] _byte_map_base: 0x00000000fe6eb000

Marking Bits (Prev, Next): (CMBitMap*) 0x00007fb86900b810, (CMBitMap*) 0x00007fb86900b850
 Prev Bits: [0x0000000102aeb000, 0x0000000104aeb000)
 Next Bits: [0x0000000104aeb000, 0x0000000106aeb000)

Polling page: 0x0000000101494000

Metaspace:

Usage:
  Non-class:      4.08 MB capacity,   608.93 KB ( 15%) used,     3.48 MB ( 85%) free+waste,   448 bytes ( <1%) overhead. 
      Class:    389.00 KB capacity,    52.15 KB ( 13%) used,   336.60 KB ( 87%) free+waste,   256 bytes ( <1%) overhead. 
       Both:      4.46 MB capacity,   661.08 KB ( 14%) used,     3.81 MB ( 85%) free+waste,   704 bytes ( <1%) overhead. 

Virtual space:
  Non-class space:        8.00 MB reserved,       4.25 MB ( 53%) committed 
      Class space:        1.00 GB reserved,     512.00 KB ( <1%) committed 
             Both:        1.01 GB reserved,       4.75 MB ( <1%) committed 

Chunk freelists:
   Non-Class:  50.00 KB
       Class:  1.00 KB
        Both:  51.00 KB

MaxMetaspaceSize: 17179869184.00 GB
CompressedClassSpaceSize: 1.00 GB

CodeHeap 'non-profiled nmethods': size=120032Kb used=136Kb max_used=136Kb free=119895Kb
 bounds [0x000000011772a000, 0x000000011799a000, 0x000000011ec62000]
CodeHeap 'profiled nmethods': size=120028Kb used=354Kb max_used=354Kb free=119673Kb
 bounds [0x00000001101f3000, 0x0000000110463000, 0x000000011772a000]
CodeHeap 'non-nmethods': size=5700Kb used=1105Kb max_used=1123Kb free=4594Kb
 bounds [0x000000010fc62000, 0x000000010fed2000, 0x00000001101f3000]
 total_blobs=635 nmethods=287 adapters=262
 compilation: enabled
              stopped_count=0, restarted_count=0
 full_count=0

Compilation events (20 events):
Event: 0.486 Thread 0x00007fb86901d200 nmethod 267 0x0000000117749b10 code [0x0000000117749c80, 0x0000000117749cf8]
Event: 0.486 Thread 0x00007fb86901d200  261       4       java.util.regex.Pattern$BmpCharPredicate$$Lambda$21/0x0000000800b37c60::is (15 bytes)
Event: 0.487 Thread 0x00007fb86901d200 nmethod 261 0x0000000117749e10 code [0x0000000117749fa0, 0x000000011774a138]
Event: 0.487 Thread 0x00007fb86901d200  262       4       java.util.regex.Pattern$BmpCharPredicate::lambda$union$3 (26 bytes)
Event: 0.489 Thread 0x00007fb86901d200 nmethod 262 0x000000011774a390 code [0x000000011774a520, 0x000000011774a638]
Event: 0.489 Thread 0x00007fb86901d200  263       4       java.util.regex.Pattern$$Lambda$4/0x0000000800b30fb0::is (13 bytes)
Event: 0.490 Thread 0x00007fb86901d200 nmethod 263 0x000000011774a810 code [0x000000011774a980, 0x000000011774aa18]
Event: 0.490 Thread 0x00007fb86901d200  257       4       java.lang.CharacterData::of (124 bytes)
Event: 0.490 Thread 0x00007fb86901d200 nmethod 257 0x000000011774ab10 code [0x000000011774ac80, 0x000000011774acf8]
Event: 0.490 Thread 0x00007fb86901d200  264       4       java.util.regex.CharPredicates$$Lambda$3/0x0000000800b30d50::is (5 bytes)
Event: 0.491 Thread 0x00007fb86901d200 nmethod 264 0x000000011774ae10 code [0x000000011774af80, 0x000000011774b018]
Event: 0.491 Thread 0x00007fb86901d200  266       4       java.lang.CharacterDataLatin1::isDigit (18 bytes)
Event: 0.492 Thread 0x00007fb86901d200 nmethod 266 0x000000011774b110 code [0x000000011774b280, 0x000000011774b2f8]
Event: 0.492 Thread 0x00007fb86901d200  274       4       java.util.regex.Pattern$Slice::match (79 bytes)
Event: 0.496 Thread 0x00007fb86901d200 nmethod 274 0x000000011774b410 code [0x000000011774b5a0, 0x000000011774b8b8]
Event: 0.496 Thread 0x00007fb86901d200  271       4       java.util.regex.Pattern$BitClass::is (22 bytes)
Event: 0.497 Thread 0x00007fb86901d200 nmethod 271 0x000000011774bc90 code [0x000000011774be00, 0x000000011774beb8]
Event: 0.497 Thread 0x00007fb86901d200  270       4       java.nio.CharBuffer::length (5 bytes)
Event: 0.497 Thread 0x00007fb86901d200 nmethod 270 0x000000011774bf90 code [0x000000011774c100, 0x000000011774c178]
Event: 0.573 Thread 0x00007fb86901d800  291 %     3       Program::readReal @ 11 (25 bytes)

GC Heap History (4 events):
Event: 0.316 GC heap before
{Heap before GC invocations=0 (full 0):
 garbage-first heap   total 133120K, used 14120K [0x0000000780000000, 0x0000000800000000)
  region size 1024K, 13 young (13312K), 0 survivors (0K)
 Metaspace       used 656K, capacity 4563K, committed 4864K, reserved 1056768K
  class space    used 52K, capacity 389K, committed 512K, reserved 1048576K
}
Event: 0.318 GC heap after
{Heap after GC invocations=1 (full 0):
 garbage-first heap   total 133120K, used 1379K [0x0000000780000000, 0x0000000800000000)
  region size 1024K, 1 young (1024K), 1 survivors (1024K)
 Metaspace       used 656K, capacity 4563K, committed 4864K, reserved 1056768K
  class space    used 52K, capacity 389K, committed 512K, reserved 1048576K
}
Event: 0.410 GC heap before
{Heap before GC invocations=1 (full 0):
 garbage-first heap   total 133120K, used 21859K [0x0000000780000000, 0x0000000800000000)
  region size 1024K, 21 young (21504K), 1 survivors (1024K)
 Metaspace       used 656K, capacity 4563K, committed 4864K, reserved 1056768K
  class space    used 52K, capacity 389K, committed 512K, reserved 1048576K
}
Event: 0.412 GC heap after
{Heap after GC invocations=2 (full 0):
 garbage-first heap   total 133120K, used 1386K [0x0000000780000000, 0x0000000800000000)
  region size 1024K, 1 young (1024K), 1 survivors (1024K)
 Metaspace       used 656K, capacity 4563K, committed 4864K, reserved 1056768K
  class space    used 52K, capacity 389K, committed 512K, reserved 1048576K
}

Deoptimization events (20 events):
Event: 0.338 Thread 0x00007fb86a809200 DEOPT PACKING pc=0x000000011023c9a7 sp=0x0000700009fba7a0
Event: 0.338 Thread 0x00007fb86a809200 DEOPT UNPACKING pc=0x000000010fcaff2b sp=0x0000700009fb9c68 mode 0
Event: 0.339 Thread 0x00007fb86a809200 DEOPT PACKING pc=0x000000011023c9a7 sp=0x0000700009fba7a0
Event: 0.339 Thread 0x00007fb86a809200 DEOPT UNPACKING pc=0x000000010fcaff2b sp=0x0000700009fb9c68 mode 0
Event: 0.340 Thread 0x00007fb86a809200 DEOPT PACKING pc=0x000000011023c9a7 sp=0x0000700009fba7a0
Event: 0.340 Thread 0x00007fb86a809200 DEOPT UNPACKING pc=0x000000010fcaff2b sp=0x0000700009fb9c68 mode 0
Event: 0.340 Thread 0x00007fb86a809200 DEOPT PACKING pc=0x000000011023c9a7 sp=0x0000700009fba7a0
Event: 0.340 Thread 0x00007fb86a809200 DEOPT UNPACKING pc=0x000000010fcaff2b sp=0x0000700009fb9c68 mode 0
Event: 0.340 Thread 0x00007fb86a809200 DEOPT PACKING pc=0x000000011023c9a7 sp=0x0000700009fba7a0
Event: 0.340 Thread 0x00007fb86a809200 DEOPT UNPACKING pc=0x000000010fcaff2b sp=0x0000700009fb9c68 mode 0
Event: 0.340 Thread 0x00007fb86a809200 DEOPT PACKING pc=0x000000011023c9a7 sp=0x0000700009fba7a0
Event: 0.340 Thread 0x00007fb86a809200 DEOPT UNPACKING pc=0x000000010fcaff2b sp=0x0000700009fb9c68 mode 0
Event: 0.341 Thread 0x00007fb86a809200 DEOPT PACKING pc=0x000000011023c9a7 sp=0x0000700009fba7a0
Event: 0.341 Thread 0x00007fb86a809200 DEOPT UNPACKING pc=0x000000010fcaff2b sp=0x0000700009fb9c68 mode 0
Event: 0.341 Thread 0x00007fb86a809200 DEOPT PACKING pc=0x000000011023c9a7 sp=0x0000700009fba7a0
Event: 0.341 Thread 0x00007fb86a809200 DEOPT UNPACKING pc=0x000000010fcaff2b sp=0x0000700009fb9c68 mode 0
Event: 0.341 Thread 0x00007fb86a809200 DEOPT PACKING pc=0x000000011023c9a7 sp=0x0000700009fba7a0
Event: 0.341 Thread 0x00007fb86a809200 DEOPT UNPACKING pc=0x000000010fcaff2b sp=0x0000700009fb9c68 mode 0
Event: 0.342 Thread 0x00007fb86a809200 DEOPT PACKING pc=0x000000011023c9a7 sp=0x0000700009fba7a0
Event: 0.342 Thread 0x00007fb86a809200 DEOPT UNPACKING pc=0x000000010fcaff2b sp=0x0000700009fb9c68 mode 0

Classes unloaded (0 events):
No events

Classes redefined (0 events):
No events

Internal exceptions (0 events):
No events

Events (20 events):
Event: 0.106 Loaded shared library /Library/Java/JavaVirtualMachines/jdk-15.jdk/Contents/Home/lib/libnio.dylib
Event: 0.109 Loaded shared library /Library/Java/JavaVirtualMachines/jdk-15.jdk/Contents/Home/lib/libjimage.dylib
Event: 0.111 loading class sun/net/www/protocol/jrt/Handler
Event: 0.111 loading class sun/net/www/protocol/jrt/Handler done
Event: 0.132 loading class sun/util/resources/LocaleData$CommonResourceBundleProvider
Event: 0.132 loading class sun/util/resources/LocaleData$LocaleDataResourceBundleProvider
Event: 0.132 loading class java/util/spi/ResourceBundleProvider
Event: 0.132 loading class java/util/spi/ResourceBundleProvider done
Event: 0.132 loading class sun/util/resources/LocaleData$LocaleDataResourceBundleProvider done
Event: 0.132 loading class sun/util/resources/LocaleData$CommonResourceBundleProvider done
Event: 0.134 loading class sun/util/resources/Bundles$2
Event: 0.134 loading class sun/util/resources/Bundles$2 done
Event: 0.161 loading class java/util/regex/Pattern$1
Event: 0.161 loading class java/util/regex/Pattern$1 done
Event: 0.315 Executing VM operation: G1CollectForAllocation
Event: 0.318 Executing VM operation: G1CollectForAllocation done
Event: 0.318 Executing VM operation: HandshakeAllThreads
Event: 0.318 Executing VM operation: HandshakeAllThreads done
Event: 0.410 Executing VM operation: G1CollectForAllocation
Event: 0.412 Executing VM operation: G1CollectForAllocation done


Dynamic libraries:
0x00007fff66740000 	/usr/lib/libz.1.dylib
0x0000000100453000 	/Library/Java/JavaVirtualMachines/jdk-15.jdk/Contents/Home/lib/libjli.dylib
0x00007fff2c28f000 	/System/Library/Frameworks/Cocoa.framework/Versions/A/Cocoa
0x00007fff39a84000 	/System/Library/Frameworks/Security.framework/Versions/A/Security
0x00007fff2b1f4000 	/System/Library/Frameworks/ApplicationServices.framework/Versions/A/ApplicationServices
0x00007fff64204000 	/usr/lib/libSystem.B.dylib
0x00007fff67001000 	/usr/lib/system/libcache.dylib
0x00007fff67007000 	/usr/lib/system/libcommonCrypto.dylib
0x00007fff67013000 	/usr/lib/system/libcompiler_rt.dylib
0x00007fff6701b000 	/usr/lib/system/libcopyfile.dylib
0x00007fff67025000 	/usr/lib/system/libcorecrypto.dylib
0x00007fff671c4000 	/usr/lib/system/libdispatch.dylib
0x00007fff67205000 	/usr/lib/system/libdyld.dylib
0x00007fff6723c000 	/usr/lib/system/libkeymgr.dylib
0x00007fff6724a000 	/usr/lib/system/liblaunch.dylib
0x00007fff6724b000 	/usr/lib/system/libmacho.dylib
0x00007fff67251000 	/usr/lib/system/libquarantine.dylib
0x00007fff67254000 	/usr/lib/system/libremovefile.dylib
0x00007fff67256000 	/usr/lib/system/libsystem_asl.dylib
0x00007fff6726e000 	/usr/lib/system/libsystem_blocks.dylib
0x00007fff6726f000 	/usr/lib/system/libsystem_c.dylib
0x00007fff672f7000 	/usr/lib/system/libsystem_configuration.dylib
0x00007fff672fb000 	/usr/lib/system/libsystem_coreservices.dylib
0x00007fff672ff000 	/usr/lib/system/libsystem_darwin.dylib
0x00007fff67308000 	/usr/lib/system/libsystem_dnssd.dylib
0x00007fff67310000 	/usr/lib/system/libsystem_featureflags.dylib
0x00007fff67312000 	/usr/lib/system/libsystem_info.dylib
0x00007fff6738d000 	/usr/lib/system/libsystem_m.dylib
0x00007fff673d5000 	/usr/lib/system/libsystem_malloc.dylib
0x00007fff673fd000 	/usr/lib/system/libsystem_networkextension.dylib
0x00007fff6740b000 	/usr/lib/system/libsystem_notify.dylib
0x00007fff67429000 	/usr/lib/system/libsystem_sandbox.dylib
0x00007fff6742e000 	/usr/lib/system/libsystem_secinit.dylib
0x00007fff67360000 	/usr/lib/system/libsystem_kernel.dylib
0x00007fff67415000 	/usr/lib/system/libsystem_platform.dylib
0x00007fff6741e000 	/usr/lib/system/libsystem_pthread.dylib
0x00007fff67431000 	/usr/lib/system/libsystem_symptoms.dylib
0x00007fff67439000 	/usr/lib/system/libsystem_trace.dylib
0x00007fff67451000 	/usr/lib/system/libunwind.dylib
0x00007fff67457000 	/usr/lib/system/libxpc.dylib
0x00007fff66064000 	/usr/lib/libobjc.A.dylib
0x00007fff6453d000 	/usr/lib/libc++abi.dylib
0x00007fff644ea000 	/usr/lib/libc++.1.dylib
0x00007fff2d131000 	/System/Library/Frameworks/CoreFoundation.framework/Versions/A/CoreFoundation
0x00007fff2f7ee000 	/System/Library/Frameworks/Foundation.framework/Versions/C/Foundation
0x00007fff2a3e4000 	/System/Library/Frameworks/AppKit.framework/Versions/C/AppKit
0x00007fff2cc13000 	/System/Library/Frameworks/CoreData.framework/Versions/A/CoreData
0x00007fff5e21a000 	/System/Library/PrivateFrameworks/UIFoundation.framework/Versions/A/UIFoundation
0x00007fff592ae000 	/System/Library/PrivateFrameworks/RemoteViewServices.framework/Versions/A/RemoteViewServices
0x00007fff60d74000 	/System/Library/PrivateFrameworks/XCTTargetBootstrap.framework/Versions/A/XCTTargetBootstrap
0x00007fff2cffe000 	/System/Library/Frameworks/CoreDisplay.framework/Versions/A/CoreDisplay
0x00007fff326a8000 	/System/Library/Frameworks/Metal.framework/Versions/A/Metal
0x00007fff4729b000 	/System/Library/PrivateFrameworks/DesktopServicesPriv.framework/Versions/A/DesktopServicesPriv
0x00007fff6533f000 	/usr/lib/liblangid.dylib
0x00007fff46530000 	/System/Library/PrivateFrameworks/CoreSVG.framework/Versions/A/CoreSVG
0x00007fff5c40a000 	/System/Library/PrivateFrameworks/SkyLight.framework/Versions/A/SkyLight
0x00007fff2d5b2000 	/System/Library/Frameworks/CoreGraphics.framework/Versions/A/CoreGraphics
0x00007fff28db8000 	/System/Library/Frameworks/Accelerate.framework/Versions/A/Accelerate
0x00007fff66631000 	/usr/lib/libxml2.2.dylib
0x00007fff52239000 	/System/Library/PrivateFrameworks/IconServices.framework/Versions/A/IconServices
0x00007fff2ffcd000 	/System/Library/Frameworks/IOSurface.framework/Versions/A/IOSurface
0x00007fff63d2e000 	/usr/lib/libDiagnosticMessagesClient.dylib
0x00007fff470f5000 	/System/Library/PrivateFrameworks/DFRFoundation.framework/Versions/A/DFRFoundation
0x00007fff650ce000 	/usr/lib/libicucore.A.dylib
0x00007fff2b526000 	/System/Library/Frameworks/AudioToolbox.framework/Versions/A/AudioToolbox
0x00007fff2b609000 	/System/Library/Frameworks/AudioUnit.framework/Versions/A/AudioUnit
0x00007fff64406000 	/usr/lib/libauto.dylib
0x00007fff47197000 	/System/Library/PrivateFrameworks/DataDetectorsCore.framework/Versions/A/DataDetectorsCore
0x00007fff2bdb0000 	/System/Library/Frameworks/Carbon.framework/Versions/A/Frameworks/HIToolbox.framework/Versions/A/HIToolbox
0x00007fff38c80000 	/System/Library/Frameworks/QuartzCore.framework/Versions/A/QuartzCore
0x00007fff2c0ef000 	/System/Library/Frameworks/Carbon.framework/Versions/A/Frameworks/SpeechRecognition.framework/Versions/A/SpeechRecognition
0x00007fff46c09000 	/System/Library/PrivateFrameworks/CoreUI.framework/Versions/A/CoreUI
0x00007fff2c67e000 	/System/Library/Frameworks/CoreAudio.framework/Versions/A/CoreAudio
0x00007fff2f4ad000 	/System/Library/Frameworks/DiskArbitration.framework/Versions/A/DiskArbitration
0x00007fff54289000 	/System/Library/PrivateFrameworks/MultitouchSupport.framework/Versions/A/MultitouchSupport
0x00007fff64f95000 	/usr/lib/libenergytrace.dylib
0x00007fff2ff27000 	/System/Library/Frameworks/IOKit.framework/Versions/A/IOKit
0x00007fff2e519000 	/System/Library/Frameworks/CoreServices.framework/Versions/A/CoreServices
0x00007fff56441000 	/System/Library/PrivateFrameworks/PerformanceAnalysis.framework/Versions/A/PerformanceAnalysis
0x00007fff37cb3000 	/System/Library/Frameworks/OpenGL.framework/Versions/A/OpenGL
0x00007fff2c29d000 	/System/Library/Frameworks/ColorSync.framework/Versions/A/ColorSync
0x00007fff2dc35000 	/System/Library/Frameworks/CoreImage.framework/Versions/A/CoreImage
0x00007fff2ef8c000 	/System/Library/Frameworks/CoreText.framework/Versions/A/CoreText
0x00007fff3005d000 	/System/Library/Frameworks/ImageIO.framework/Versions/A/ImageIO
0x00007fff64566000 	/usr/lib/libcompression.dylib
0x00007fff64072000 	/usr/lib/libMobileGestalt.dylib
0x00007fff5df84000 	/System/Library/PrivateFrameworks/TextureIO.framework/Versions/A/TextureIO
0x00007fff64369000 	/usr/lib/libate.dylib
0x00007fff52442000 	/System/Library/PrivateFrameworks/InternationalSupport.framework/Versions/A/InternationalSupport
0x00007fff65341000 	/usr/lib/liblzma.5.dylib
0x00007fff64fbc000 	/usr/lib/libfakelink.dylib
0x00007fff642f6000 	/usr/lib/libarchive.2.dylib
0x00007fff3ab35000 	/System/Library/Frameworks/SystemConfiguration.framework/Versions/A/SystemConfiguration
0x00007fff63c61000 	/usr/lib/libCRFSuite.dylib
0x00007fff2b9a0000 	/System/Library/Frameworks/CFNetwork.framework/Versions/A/CFNetwork
0x00007fff644cc000 	/usr/lib/libbsm.0.dylib
0x00007fff6723d000 	/usr/lib/system/libkxld.dylib
0x00007fff40a72000 	/System/Library/PrivateFrameworks/AppleFSCompression.framework/Versions/A/AppleFSCompression
0x00007fff64857000 	/usr/lib/libcoretls.dylib
0x00007fff6486e000 	/usr/lib/libcoretls_cfhelpers.dylib
0x00007fff660aa000 	/usr/lib/libpam.2.dylib
0x00007fff661df000 	/usr/lib/libsqlite3.dylib
0x00007fff6661e000 	/usr/lib/libxar.1.dylib
0x00007fff644dd000 	/usr/lib/libbz2.1.0.dylib
0x00007fff64fdd000 	/usr/lib/libiconv.2.dylib
0x00007fff64553000 	/usr/lib/libcharset.1.dylib
0x00007fff65b47000 	/usr/lib/libnetwork.dylib
0x00007fff660b1000 	/usr/lib/libpcap.A.dylib
0x00007fff642ab000 	/usr/lib/libapple_nghttp2.dylib
0x00007fff2e8d0000 	/System/Library/Frameworks/CoreServices.framework/Versions/A/Frameworks/FSEvents.framework/Versions/A/FSEvents
0x00007fff2e5a0000 	/System/Library/Frameworks/CoreServices.framework/Versions/A/Frameworks/CarbonCore.framework/Versions/A/CarbonCore
0x00007fff2eb14000 	/System/Library/Frameworks/CoreServices.framework/Versions/A/Frameworks/Metadata.framework/Versions/A/Metadata
0x00007fff2ebad000 	/System/Library/Frameworks/CoreServices.framework/Versions/A/Frameworks/OSServices.framework/Versions/A/OSServices
0x00007fff2ebdb000 	/System/Library/Frameworks/CoreServices.framework/Versions/A/Frameworks/SearchKit.framework/Versions/A/SearchKit
0x00007fff2e51a000 	/System/Library/Frameworks/CoreServices.framework/Versions/A/Frameworks/AE.framework/Versions/A/AE
0x00007fff2e8d9000 	/System/Library/Frameworks/CoreServices.framework/Versions/A/Frameworks/LaunchServices.framework/Versions/A/LaunchServices
0x00007fff2e882000 	/System/Library/Frameworks/CoreServices.framework/Versions/A/Frameworks/DictionaryServices.framework/Versions/A/DictionaryServices
0x00007fff2ec43000 	/System/Library/Frameworks/CoreServices.framework/Versions/A/Frameworks/SharedFileList.framework/Versions/A/SharedFileList
0x00007fff33ad2000 	/System/Library/Frameworks/NetFS.framework/Versions/A/NetFS
0x00007fff547b9000 	/System/Library/PrivateFrameworks/NetAuth.framework/Versions/A/NetAuth
0x00007fff61141000 	/System/Library/PrivateFrameworks/login.framework/Versions/A/Frameworks/loginsupport.framework/Versions/A/loginsupport
0x00007fff5da4f000 	/System/Library/PrivateFrameworks/TCC.framework/Versions/A/TCC
0x00007fff456a3000 	/System/Library/PrivateFrameworks/CoreNLP.framework/Versions/A/CoreNLP
0x00007fff53cb6000 	/System/Library/PrivateFrameworks/MetadataUtilities.framework/Versions/A/MetadataUtilities
0x00007fff65419000 	/usr/lib/libmecabra.dylib
0x00007fff65371000 	/usr/lib/libmecab.dylib
0x00007fff64fcd000 	/usr/lib/libgermantok.dylib
0x00007fff64292000 	/usr/lib/libThaiTokenizer.dylib
0x00007fff63c98000 	/usr/lib/libChineseTokenizer.dylib
0x00007fff28dd0000 	/System/Library/Frameworks/Accelerate.framework/Versions/A/Frameworks/vImage.framework/Versions/A/vImage
0x00007fff2a23a000 	/System/Library/Frameworks/Accelerate.framework/Versions/A/Frameworks/vecLib.framework/Versions/A/vecLib
0x00007fff2a177000 	/System/Library/Frameworks/Accelerate.framework/Versions/A/Frameworks/vecLib.framework/Versions/A/libvMisc.dylib
0x00007fff29f9f000 	/System/Library/Frameworks/Accelerate.framework/Versions/A/Frameworks/vecLib.framework/Versions/A/libvDSP.dylib
0x00007fff29427000 	/System/Library/Frameworks/Accelerate.framework/Versions/A/Frameworks/vecLib.framework/Versions/A/libBLAS.dylib
0x00007fff29b63000 	/System/Library/Frameworks/Accelerate.framework/Versions/A/Frameworks/vecLib.framework/Versions/A/libLAPACK.dylib
0x00007fff29eff000 	/System/Library/Frameworks/Accelerate.framework/Versions/A/Frameworks/vecLib.framework/Versions/A/libLinearAlgebra.dylib
0x00007fff29f8c000 	/System/Library/Frameworks/Accelerate.framework/Versions/A/Frameworks/vecLib.framework/Versions/A/libSparseBLAS.dylib
0x00007fff29f15000 	/System/Library/Frameworks/Accelerate.framework/Versions/A/Frameworks/vecLib.framework/Versions/A/libQuadrature.dylib
0x00007fff2968f000 	/System/Library/Frameworks/Accelerate.framework/Versions/A/Frameworks/vecLib.framework/Versions/A/libBNNS.dylib
0x00007fff29f1b000 	/System/Library/Frameworks/Accelerate.framework/Versions/A/Frameworks/vecLib.framework/Versions/A/libSparse.dylib
0x00007fff5282a000 	/System/Library/PrivateFrameworks/LanguageModeling.framework/Versions/A/LanguageModeling
0x00007fff45053000 	/System/Library/PrivateFrameworks/CoreEmoji.framework/Versions/A/CoreEmoji
0x00007fff52948000 	/System/Library/PrivateFrameworks/LinguisticData.framework/Versions/A/LinguisticData
0x00007fff528f9000 	/System/Library/PrivateFrameworks/Lexicon.framework/Versions/A/Lexicon
0x00007fff64554000 	/usr/lib/libcmph.dylib
0x00007fff366c1000 	/System/Library/Frameworks/OpenDirectory.framework/Versions/A/Frameworks/CFOpenDirectory.framework/Versions/A/CFOpenDirectory
0x00007fff366de000 	/System/Library/Frameworks/OpenDirectory.framework/Versions/A/OpenDirectory
0x00007fff3eb1f000 	/System/Library/PrivateFrameworks/APFS.framework/Versions/A/APFS
0x00007fff39dce000 	/System/Library/Frameworks/SecurityFoundation.framework/Versions/A/SecurityFoundation
0x00007fff6661a000 	/usr/lib/libutil.dylib
0x00007fff46588000 	/System/Library/PrivateFrameworks/CoreServicesStore.framework/Versions/A/CoreServicesStore
0x00007fff39e85000 	/System/Library/Frameworks/ServiceManagement.framework/Versions/A/ServiceManagement
0x00007fff42242000 	/System/Library/PrivateFrameworks/BackgroundTaskManagement.framework/Versions/A/BackgroundTaskManagement
0x00007fff66717000 	/usr/lib/libxslt.1.dylib
0x00007fff410e5000 	/System/Library/PrivateFrameworks/AppleSystemInfo.framework/Versions/A/AppleSystemInfo
0x00007fff30278000 	/System/Library/Frameworks/ImageIO.framework/Versions/A/Resources/libJPEG.dylib
0x00007fff30536000 	/System/Library/Frameworks/ImageIO.framework/Versions/A/Resources/libTIFF.dylib
0x00007fff30519000 	/System/Library/Frameworks/ImageIO.framework/Versions/A/Resources/libPng.dylib
0x00007fff301ba000 	/System/Library/Frameworks/ImageIO.framework/Versions/A/Resources/libGIF.dylib
0x00007fff301be000 	/System/Library/Frameworks/ImageIO.framework/Versions/A/Resources/libJP2.dylib
0x00007fff30534000 	/System/Library/Frameworks/ImageIO.framework/Versions/A/Resources/libRadiance.dylib
0x00007fff64f96000 	/usr/lib/libexpat.1.dylib
0x00007fff40bcd000 	/System/Library/PrivateFrameworks/AppleJPEG.framework/Versions/A/AppleJPEG
0x00007fff4989e000 	/System/Library/PrivateFrameworks/FontServices.framework/libFontParser.dylib
0x00007fff60143000 	/System/Library/PrivateFrameworks/WatchdogClient.framework/Versions/A/WatchdogClient
0x00007fff51e85000 	/System/Library/PrivateFrameworks/IOAccelerator.framework/Versions/A/IOAccelerator
0x00007fff32a43000 	/System/Library/Frameworks/MetalPerformanceShaders.framework/Versions/A/MetalPerformanceShaders
0x00007fff4e61b000 	/System/Library/PrivateFrameworks/GPUWrangler.framework/Versions/A/GPUWrangler
0x00007fff51e9a000 	/System/Library/PrivateFrameworks/IOPresentment.framework/Versions/A/IOPresentment
0x00007fff47108000 	/System/Library/PrivateFrameworks/DSExternalDisplay.framework/Versions/A/DSExternalDisplay
0x00007fff37052000 	/System/Library/Frameworks/OpenGL.framework/Versions/A/Libraries/libCoreFSCache.dylib
0x00007fff3278f000 	/System/Library/Frameworks/MetalPerformanceShaders.framework/Frameworks/MPSCore.framework/Versions/A/MPSCore
0x00007fff327cd000 	/System/Library/Frameworks/MetalPerformanceShaders.framework/Frameworks/MPSImage.framework/Versions/A/MPSImage
0x00007fff32894000 	/System/Library/Frameworks/MetalPerformanceShaders.framework/Frameworks/MPSNeuralNetwork.framework/Versions/A/MPSNeuralNetwork
0x00007fff32858000 	/System/Library/Frameworks/MetalPerformanceShaders.framework/Frameworks/MPSMatrix.framework/Versions/A/MPSMatrix
0x00007fff329f3000 	/System/Library/Frameworks/MetalPerformanceShaders.framework/Frameworks/MPSRayIntersector.framework/Versions/A/MPSRayIntersector
0x00007fff3287e000 	/System/Library/Frameworks/MetalPerformanceShaders.framework/Frameworks/MPSNDArray.framework/Versions/A/MPSNDArray
0x00007fff53d03000 	/System/Library/PrivateFrameworks/MetalTools.framework/Versions/A/MetalTools
0x00007fff3fcf9000 	/System/Library/PrivateFrameworks/AggregateDictionary.framework/Versions/A/AggregateDictionary
0x00007fff44a9b000 	/System/Library/PrivateFrameworks/CoreAnalytics.framework/Versions/A/CoreAnalytics
0x00007fff41004000 	/System/Library/PrivateFrameworks/AppleSauce.framework/Versions/A/AppleSauce
0x00007fff63f54000 	/usr/lib/libIOReport.dylib
0x00007fff2f144000 	/System/Library/Frameworks/CoreVideo.framework/Versions/A/CoreVideo
0x00007fff4fa94000 	/System/Library/PrivateFrameworks/GraphVisualizer.framework/Versions/A/GraphVisualizer
0x00007fff48de4000 	/System/Library/PrivateFrameworks/FaceCore.framework/Versions/A/FaceCore
0x00007fff36668000 	/System/Library/Frameworks/OpenCL.framework/Versions/A/OpenCL
0x00007fff63d76000 	/usr/lib/libFosl_dynamic.dylib
0x00007fff551d9000 	/System/Library/PrivateFrameworks/OTSVG.framework/Versions/A/OTSVG
0x00007fff2b2f9000 	/System/Library/Frameworks/ApplicationServices.framework/Versions/A/Frameworks/ATS.framework/Versions/A/Resources/libFontRegistry.dylib
0x00007fff49a6f000 	/System/Library/PrivateFrameworks/FontServices.framework/libhvf.dylib
0x00007fff3705d000 	/System/Library/Frameworks/OpenGL.framework/Versions/A/Libraries/libGFXShared.dylib
0x00007fff3723b000 	/System/Library/Frameworks/OpenGL.framework/Versions/A/Libraries/libGLU.dylib
0x00007fff37066000 	/System/Library/Frameworks/OpenGL.framework/Versions/A/Libraries/libGL.dylib
0x00007fff37071000 	/System/Library/Frameworks/OpenGL.framework/Versions/A/Libraries/libGLImage.dylib
0x00007fff3704f000 	/System/Library/Frameworks/OpenGL.framework/Versions/A/Libraries/libCVMSPluginSupport.dylib
0x00007fff37058000 	/System/Library/Frameworks/OpenGL.framework/Versions/A/Libraries/libCoreVMClient.dylib
0x00007fff659e8000 	/usr/lib/libncurses.5.4.dylib
0x00007fff2b1f5000 	/System/Library/Frameworks/ApplicationServices.framework/Versions/A/Frameworks/ATS.framework/Versions/A/ATS
0x00007fff2b3c2000 	/System/Library/Frameworks/ApplicationServices.framework/Versions/A/Frameworks/ColorSyncLegacy.framework/Versions/A/ColorSyncLegacy
0x00007fff2b460000 	/System/Library/Frameworks/ApplicationServices.framework/Versions/A/Frameworks/HIServices.framework/Versions/A/HIServices
0x00007fff2b4b8000 	/System/Library/Frameworks/ApplicationServices.framework/Versions/A/Frameworks/LangAnalysis.framework/Versions/A/LangAnalysis
0x00007fff2b4c7000 	/System/Library/Frameworks/ApplicationServices.framework/Versions/A/Frameworks/PrintCore.framework/Versions/A/PrintCore
0x00007fff2b50d000 	/System/Library/Frameworks/ApplicationServices.framework/Versions/A/Frameworks/QD.framework/Versions/A/QD
0x00007fff2b518000 	/System/Library/Frameworks/ApplicationServices.framework/Versions/A/Frameworks/SpeechSynthesis.framework/Versions/A/SpeechSynthesis
0x00007fff2b392000 	/System/Library/Frameworks/ApplicationServices.framework/Versions/A/Frameworks/ATSUI.framework/Versions/A/ATSUI
0x00007fff64e2c000 	/usr/lib/libcups.2.dylib
0x00007fff31ade000 	/System/Library/Frameworks/Kerberos.framework/Versions/A/Kerberos
0x00007fff2fc20000 	/System/Library/Frameworks/GSS.framework/Versions/A/GSS
0x00007fff6616b000 	/usr/lib/libresolv.9.dylib
0x00007fff4fc41000 	/System/Library/PrivateFrameworks/Heimdal.framework/Versions/A/Heimdal
0x00007fff31af1000 	/System/Library/Frameworks/Kerberos.framework/Versions/A/Libraries/libHeimdalProxy.dylib
0x00007fff64fd3000 	/usr/lib/libheimdal-asn1.dylib
0x00007fff43f33000 	/System/Library/PrivateFrameworks/CommonAuth.framework/Versions/A/CommonAuth
0x00007fff41182000 	/System/Library/PrivateFrameworks/AssertionServices.framework/Versions/A/AssertionServices
0x00007fff41d25000 	/System/Library/PrivateFrameworks/AudioToolboxCore.framework/Versions/A/AudioToolboxCore
0x00007fff60df1000 	/System/Library/PrivateFrameworks/caulk.framework/Versions/A/caulk
0x00007fff422ee000 	/System/Library/PrivateFrameworks/BaseBoard.framework/Versions/A/BaseBoard
0x00007fff5943c000 	/System/Library/PrivateFrameworks/RunningBoardServices.framework/Versions/A/RunningBoardServices
0x00007fff5644d000 	/System/Library/PrivateFrameworks/PersistentConnection.framework/Versions/A/PersistentConnection
0x00007fff58e35000 	/System/Library/PrivateFrameworks/ProtocolBuffer.framework/Versions/A/ProtocolBuffer
0x00007fff43f57000 	/System/Library/PrivateFrameworks/CommonUtilities.framework/Versions/A/CommonUtilities
0x00007fff4247c000 	/System/Library/PrivateFrameworks/Bom.framework/Versions/A/Bom
0x00007fff63c27000 	/usr/lib/libAudioToolboxUtility.dylib
0x00007fff4224c000 	/System/Library/PrivateFrameworks/Backup.framework/Versions/A/Backup
0x00007fff47029000 	/System/Library/PrivateFrameworks/CrashReporterSupport.framework/Versions/A/CrashReporterSupport
0x00007fff5aece000 	/System/Library/PrivateFrameworks/Sharing.framework/Versions/A/Sharing
0x00007fff40790000 	/System/Library/PrivateFrameworks/Apple80211.framework/Versions/A/Apple80211
0x00007fff41f69000 	/System/Library/PrivateFrameworks/AuthKit.framework/Versions/A/AuthKit
0x00007fff46d36000 	/System/Library/PrivateFrameworks/CoreUtils.framework/Versions/A/CoreUtils
0x00007fff2f189000 	/System/Library/Frameworks/CoreWLAN.framework/Versions/A/CoreWLAN
0x00007fff2fdad000 	/System/Library/Frameworks/IOBluetooth.framework/Versions/A/IOBluetooth
0x00007fff54008000 	/System/Library/PrivateFrameworks/MobileKeyBag.framework/Versions/A/MobileKeyBag
0x00007fff45b3b000 	/System/Library/PrivateFrameworks/CorePhoneNumbers.framework/Versions/A/CorePhoneNumbers
0x00007fff40b80000 	/System/Library/PrivateFrameworks/AppleIDAuthSupport.framework/Versions/A/AppleIDAuthSupport
0x00007fff33adf000 	/System/Library/Frameworks/Network.framework/Versions/A/Network
0x00007fff526d6000 	/System/Library/PrivateFrameworks/KeychainCircle.framework/Versions/A/KeychainCircle
0x00007fff2cbda000 	/System/Library/Frameworks/CoreBluetooth.framework/Versions/A/CoreBluetooth
0x00007fff5cf4d000 	/System/Library/PrivateFrameworks/SpeechRecognitionCore.framework/Versions/A/SpeechRecognitionCore
0x00007fff201b1000 	/System/Library/CoreServices/Encodings/libCyrillicConverter.dylib
0x0000000100478000 	/Library/Java/JavaVirtualMachines/jdk-15.jdk/Contents/Home/lib/server/libjvm.dylib
0x0000000101488000 	/Library/Java/JavaVirtualMachines/jdk-15.jdk/Contents/Home/lib/libjimage.dylib
0x00000001014de000 	/Library/Java/JavaVirtualMachines/jdk-15.jdk/Contents/Home/lib/libjava.dylib
0x000000010733f000 	/Library/Java/JavaVirtualMachines/jdk-15.jdk/Contents/Home/lib/libnio.dylib
0x0000000107353000 	/Library/Java/JavaVirtualMachines/jdk-15.jdk/Contents/Home/lib/libnet.dylib


VM Arguments:
jvm_args: -Xverify:none 
java_command: Program
java_class_path (initial): target/tests
Launcher Type: SUN_STANDARD

[Global flags]
     intx CICompilerCount                          = 3                                         {product} {ergonomic}
     uint ConcGCThreads                            = 1                                         {product} {ergonomic}
     uint G1ConcRefinementThreads                  = 4                                         {product} {ergonomic}
   size_t G1HeapRegionSize                         = 1048576                                   {product} {ergonomic}
    uintx GCDrainStackTargetSize                   = 64                                        {product} {ergonomic}
   size_t InitialHeapSize                          = 134217728                                 {product} {ergonomic}
   size_t MarkStackSize                            = 4194304                                   {product} {ergonomic}
   size_t MaxHeapSize                              = 2147483648                                {product} {ergonomic}
   size_t MaxNewSize                               = 1287651328                                {product} {ergonomic}
   size_t MinHeapDeltaBytes                        = 1048576                                   {product} {ergonomic}
   size_t MinHeapSize                              = 8388608                                   {product} {ergonomic}
    uintx NonNMethodCodeHeapSize                   = 5832780                                {pd product} {ergonomic}
    uintx NonProfiledCodeHeapSize                  = 122912730                              {pd product} {ergonomic}
    uintx ProfiledCodeHeapSize                     = 122912730                              {pd product} {ergonomic}
    uintx ReservedCodeCacheSize                    = 251658240                              {pd product} {ergonomic}
     bool SegmentedCodeCache                       = true                                      {product} {ergonomic}
   size_t SoftMaxHeapSize                          = 2147483648                             {manageable} {ergonomic}
     bool UseCompressedClassPointers               = true                                 {lp64_product} {ergonomic}
     bool UseCompressedOops                        = true                                 {lp64_product} {ergonomic}
     bool UseG1GC                                  = true                                      {product} {ergonomic}
     bool UseNUMA                                  = false                                     {product} {ergonomic}
     bool UseNUMAInterleaving                      = false                                     {product} {ergonomic}

Logging:
Log output configuration:
 #0: stdout all=warning uptime,level,tags
 #1: stderr all=off uptime,level,tags

Environment Variables:
PATH=/usr/local/bin:/usr/bin:/bin:/usr/sbin:/sbin:/Applications/Postgres.app/Contents/Versions/latest/bin
SHELL=/bin/zsh
LC_CTYPE=ru_RU.UTF-8

Signal Handlers:
SIGSEGV: [libjvm.dylib+0xa0a820], sa_mask[0]=11111111011111110111111111111111, sa_flags=SA_ONSTACK|SA_RESTART|SA_SIGINFO
SIGBUS: [libjvm.dylib+0xa0a820], sa_mask[0]=11111111011111110111111111111111, sa_flags=SA_RESTART|SA_SIGINFO
SIGFPE: [libjvm.dylib+0xa0a820], sa_mask[0]=11111111011111110111111111111111, sa_flags=SA_RESTART|SA_SIGINFO
SIGPIPE: [libjvm.dylib+0x8291b0], sa_mask[0]=11111111011111110111111111111111, sa_flags=SA_RESTART|SA_SIGINFO
SIGXFSZ: [libjvm.dylib+0x8291b0], sa_mask[0]=11111111011111110111111111111111, sa_flags=SA_RESTART|SA_SIGINFO
SIGILL: [libjvm.dylib+0xa0a820], sa_mask[0]=11111111011111110111111111111111, sa_flags=SA_RESTART|SA_SIGINFO
SIGUSR2: [libjvm.dylib+0x829cc0], sa_mask[0]=00100000000000000000000000000000, sa_flags=SA_RESTART|SA_SIGINFO
SIGHUP: [libjvm.dylib+0x8283c0], sa_mask[0]=11111111011111110111111111111111, sa_flags=SA_RESTART|SA_SIGINFO
SIGINT: [libjvm.dylib+0x8283c0], sa_mask[0]=11111111011111110111111111111111, sa_flags=SA_RESTART|SA_SIGINFO
SIGTERM: [libjvm.dylib+0x8283c0], sa_mask[0]=11111111011111110111111111111111, sa_flags=SA_RESTART|SA_SIGINFO
SIGQUIT: [libjvm.dylib+0x8283c0], sa_mask[0]=11111111011111110111111111111111, sa_flags=SA_RESTART|SA_SIGINFO


---------------  S Y S T E M  ---------------

OS:uname: Darwin 19.6.0 Darwin Kernel Version 19.6.0: Thu Jun 18 20:49:00 PDT 2020; root:xnu-6153.141.1~1/RELEASE_X86_64 x86_64
OS uptime: 6 days 20:29 hours
rlimit (soft/hard): STACK 8192k/65532k , CORE 0k/infinity , NPROC 1392/2088 , NOFILE 10240/infinity , AS infinity/infinity , CPU infinity/infinity , DATA infinity/infinity , FSIZE infinity/infinity , MEMLOCK infinity/infinity , RSS infinity/infinity
load average: 3.31 2.50 2.66

CPU: total 4 (initial active 4) (2 cores per cpu, 2 threads per core) family 6 model 61 stepping 4, cmov, cx8, fxsr, mmx, sse, sse2, sse3, ssse3, sse4.1, sse4.2, popcnt, vzeroupper, avx, avx2, aes, clmul, erms, rtm, 3dnowpref, lzcnt, ht, tsc, tscinvbit, bmi1, bmi2, adx, fma, clflush

Memory: 4k page, physical 8388608k(123800k free), swap 2097152k(878080k free)

vm_info: Java HotSpot(TM) 64-Bit Server VM (15+36-1562) for bsd-amd64 JRE (15+36-1562), built on Aug 11 2020 21:36:40 by "mach5one" with clang 4.2.1 Compatible Apple LLVM 10.0.0 (clang-1000.11.45.5)

END.
